0 info it worked if it ends with ok
1 verbose cli [ '/usr/local/bin/node',
1 verbose cli   '/usr/local/bin/npm',
1 verbose cli   'i',
1 verbose cli   '-S',
1 verbose cli   'urlencoded' ]
2 info using npm@3.10.10
3 info using node@v6.11.2
4 silly loadCurrentTree Starting
5 silly install loadCurrentTree
6 silly install readLocalPackageData
7 silly fetchPackageMetaData urlencoded
8 silly fetchNamedPackageData urlencoded
9 silly mapToRegistry name urlencoded
10 silly mapToRegistry using default registry
11 silly mapToRegistry registry https://registry.npmjs.org/
12 silly mapToRegistry data Result {
12 silly mapToRegistry   raw: 'urlencoded',
12 silly mapToRegistry   scope: null,
12 silly mapToRegistry   escapedName: 'urlencoded',
12 silly mapToRegistry   name: 'urlencoded',
12 silly mapToRegistry   rawSpec: '',
12 silly mapToRegistry   spec: 'latest',
12 silly mapToRegistry   type: 'tag' }
13 silly mapToRegistry uri https://registry.npmjs.org/urlencoded
14 verbose request uri https://registry.npmjs.org/urlencoded
15 verbose request no auth needed
16 info attempt registry request try #1 at 7:11:46 PM
17 verbose request id b6944ebb81315b41
18 http request GET https://registry.npmjs.org/urlencoded
19 http 200 https://registry.npmjs.org/urlencoded
20 verbose headers { server: 'nginx/1.10.1',
20 verbose headers   'content-type': 'application/json',
20 verbose headers   'last-modified': 'Sun, 10 Apr 2016 13:55:59 GMT',
20 verbose headers   etag: 'W/"570a5b6f-1d4"',
20 verbose headers   'content-encoding': 'gzip',
20 verbose headers   'cache-control': 'max-age=300',
20 verbose headers   'content-length': '264',
20 verbose headers   'accept-ranges': 'bytes',
20 verbose headers   date: 'Wed, 18 Oct 2017 00:11:44 GMT',
20 verbose headers   via: '1.1 varnish',
20 verbose headers   age: '0',
20 verbose headers   connection: 'keep-alive',
20 verbose headers   'x-served-by': 'cache-dfw18630-DFW',
20 verbose headers   'x-cache': 'MISS',
20 verbose headers   'x-cache-hits': '0',
20 verbose headers   'x-timer': 'S1508285505.513373,VS0,VE58',
20 verbose headers   vary: 'Accept-Encoding, Accept' }
21 silly get cb [ 200,
21 silly get   { server: 'nginx/1.10.1',
21 silly get     'content-type': 'application/json',
21 silly get     'last-modified': 'Sun, 10 Apr 2016 13:55:59 GMT',
21 silly get     etag: 'W/"570a5b6f-1d4"',
21 silly get     'content-encoding': 'gzip',
21 silly get     'cache-control': 'max-age=300',
21 silly get     'content-length': '264',
21 silly get     'accept-ranges': 'bytes',
21 silly get     date: 'Wed, 18 Oct 2017 00:11:44 GMT',
21 silly get     via: '1.1 varnish',
21 silly get     age: '0',
21 silly get     connection: 'keep-alive',
21 silly get     'x-served-by': 'cache-dfw18630-DFW',
21 silly get     'x-cache': 'MISS',
21 silly get     'x-cache-hits': '0',
21 silly get     'x-timer': 'S1508285505.513373,VS0,VE58',
21 silly get     vary: 'Accept-Encoding, Accept' } ]
22 verbose get saving urlencoded to /Users/hecmonn/.npm/registry.npmjs.org/urlencoded/.cache.json
23 verbose correctMkdir /Users/hecmonn/.npm correctMkdir not in flight; initializing
24 verbose stack TypeError: Cannot convert undefined or null to object
24 verbose stack     at pickVersionFromRegistryDocument (/usr/local/lib/node_modules/npm/lib/fetch-package-metadata.js:125:29)
24 verbose stack     at /usr/local/lib/node_modules/npm/node_modules/iferr/index.js:13:50
24 verbose stack     at /usr/local/lib/node_modules/npm/lib/utils/pulse-till-done.js:20:8
24 verbose stack     at saved (/usr/local/lib/node_modules/npm/lib/cache/caching-client.js:174:7)
24 verbose stack     at /usr/local/lib/node_modules/npm/node_modules/graceful-fs/polyfills.js:241:18
24 verbose stack     at FSReqWrap.oncomplete (fs.js:123:15)
25 verbose cwd /Users/hecmonn/Desktop/wride
26 error Darwin 16.7.0
27 error argv "/usr/local/bin/node" "/usr/local/bin/npm" "i" "-S" "urlencoded"
28 error node v6.11.2
29 error npm  v3.10.10
30 error Cannot convert undefined or null to object
31 error If you need help, you may report this error at:
31 error     <https://github.com/npm/npm/issues>
32 verbose exit [ 1, true ]
